<?xml version="1.0" encoding="UTF-8"?>
<testsuite xmlns:xsi="http://www.w3.org/2001/XMLSchema-instance" xsi:noNamespaceSchemaLocation="https://maven.apache.org/surefire/maven-surefire-plugin/xsd/surefire-test-report-3.0.xsd" version="3.0" name="org.example.MathUtilsTest" time="0.022" tests="3" errors="0" skipped="0" failures="0">
  <properties>
[...]
</properties>
  <testcase name="testComputerectangleArea" classname="org.example.MathUtilsTest" time="0.011">
    <system-out><![CDATA[Cleanup
]]></system-out>
  </testcase>
  <testcase name="testAdd" classname="org.example.MathUtilsTest" time="0.001">
    <system-out><![CDATA[Cleanup
]]></system-out>
  </testcase>
  <testcase name="testDevide" classname="org.example.MathUtilsTest" time="0.003">
    <system-out><![CDATA[Cleanup
]]></system-out>
  </testcase>
</testsuite>